0 info it worked if it ends with ok
1 verbose cli [ '/home/ignacio/.nvm/versions/v0.12.3/bin/node',
1 verbose cli   '/home/ignacio/.nvm/versions/v0.12.3/bin/npm',
1 verbose cli   'install' ]
2 info using npm@2.9.1
3 info using node@v0.12.3
4 verbose readDependencies loading dependencies from /home/ignacio/proyecto/exposicion/package.json
5 verbose install where, deps [ '/home/ignacio/proyecto/exposicion',
5 verbose install   [ 'body-parser',
5 verbose install     'cookie-parser',
5 verbose install     'debug',
5 verbose install     'express',
5 verbose install     'jade',
5 verbose install     'morgan',
5 verbose install     'serve-favicon',
5 verbose install     'mysql',
5 verbose install     'html' ] ]
6 verbose install where, peers [ '/home/ignacio/proyecto/exposicion', [] ]
7 verbose installManyTop reading for lifecycle /home/ignacio/proyecto/exposicion/package.json
8 info preinstall exposicion@0.0.0
9 verbose installManyTop reading scoped package data from /home/ignacio/proyecto/exposicion/node_modules/body-parser/package.json
10 verbose installManyTop reading scoped package data from /home/ignacio/proyecto/exposicion/node_modules/cookie-parser/package.json
11 verbose installManyTop reading scoped package data from /home/ignacio/proyecto/exposicion/node_modules/db-migrate/package.json
12 verbose installManyTop reading scoped package data from /home/ignacio/proyecto/exposicion/node_modules/debug/package.json
13 verbose installManyTop reading scoped package data from /home/ignacio/proyecto/exposicion/node_modules/ejs/package.json
14 verbose installManyTop reading scoped package data from /home/ignacio/proyecto/exposicion/node_modules/express/package.json
15 verbose installManyTop reading scoped package data from /home/ignacio/proyecto/exposicion/node_modules/html/package.json
16 verbose installManyTop reading scoped package data from /home/ignacio/proyecto/exposicion/node_modules/jade/package.json
17 verbose installManyTop reading scoped package data from /home/ignacio/proyecto/exposicion/node_modules/morgan/package.json
18 verbose installManyTop reading scoped package data from /home/ignacio/proyecto/exposicion/node_modules/mysql/package.json
19 verbose installManyTop reading scoped package data from /home/ignacio/proyecto/exposicion/node_modules/serve-favicon/package.json
20 verbose readDependencies loading dependencies from /home/ignacio/proyecto/exposicion/package.json
21 verbose targetResolver reading package data from /home/ignacio/proyecto/exposicion/node_modules/body-parser/package.json
22 verbose targetResolver reading package data from /home/ignacio/proyecto/exposicion/node_modules/cookie-parser/package.json
23 verbose targetResolver reading package data from /home/ignacio/proyecto/exposicion/node_modules/db-migrate/package.json
24 verbose targetResolver reading package data from /home/ignacio/proyecto/exposicion/node_modules/debug/package.json
25 verbose targetResolver reading package data from /home/ignacio/proyecto/exposicion/node_modules/ejs/package.json
26 verbose targetResolver reading package data from /home/ignacio/proyecto/exposicion/node_modules/express/package.json
27 verbose targetResolver reading package data from /home/ignacio/proyecto/exposicion/node_modules/html/package.json
28 verbose targetResolver reading package data from /home/ignacio/proyecto/exposicion/node_modules/jade/package.json
29 verbose targetResolver reading package data from /home/ignacio/proyecto/exposicion/node_modules/morgan/package.json
30 verbose targetResolver reading package data from /home/ignacio/proyecto/exposicion/node_modules/mysql/package.json
31 verbose targetResolver reading package data from /home/ignacio/proyecto/exposicion/node_modules/serve-favicon/package.json
32 verbose targetResolver reading package data from /home/ignacio/proyecto/exposicion/node_modules/.bin/db-migrate/package.json
33 verbose targetResolver reading package data from /home/ignacio/proyecto/exposicion/node_modules/.bin/html/package.json
34 verbose targetResolver reading package data from /home/ignacio/proyecto/exposicion/node_modules/.bin/jade/package.json
35 verbose already installed skipping html@~0.0.10 /home/ignacio/proyecto/exposicion
36 verbose already installed skipping body-parser@~1.12.0 /home/ignacio/proyecto/exposicion
37 verbose already installed skipping cookie-parser@~1.3.4 /home/ignacio/proyecto/exposicion
38 verbose already installed skipping debug@~2.1.1 /home/ignacio/proyecto/exposicion
39 verbose already installed skipping express@~4.12.2 /home/ignacio/proyecto/exposicion
40 verbose already installed skipping jade@~1.9.2 /home/ignacio/proyecto/exposicion
41 verbose already installed skipping morgan@~1.5.1 /home/ignacio/proyecto/exposicion
42 verbose already installed skipping serve-favicon@~2.2.0 /home/ignacio/proyecto/exposicion
43 verbose already installed skipping mysql@~2.6.2 /home/ignacio/proyecto/exposicion
44 silly install resolved []
45 info build /home/ignacio/proyecto/exposicion
46 info linkStuff exposicion@0.0.0
47 silly linkStuff exposicion@0.0.0 has /home/ignacio/proyecto as its parent node_modules
48 verbose linkBins exposicion@0.0.0
49 verbose linkMans exposicion@0.0.0
50 verbose rebuildBundles exposicion@0.0.0
51 verbose rebuildBundles [ '.bin',
51 verbose rebuildBundles   'body-parser',
51 verbose rebuildBundles   'cookie-parser',
51 verbose rebuildBundles   'db-migrate',
51 verbose rebuildBundles   'debug',
51 verbose rebuildBundles   'ejs',
51 verbose rebuildBundles   'express',
51 verbose rebuildBundles   'html',
51 verbose rebuildBundles   'jade',
51 verbose rebuildBundles   'morgan',
51 verbose rebuildBundles   'mysql',
51 verbose rebuildBundles   'serve-favicon' ]
52 verbose rebuild bundle /home/ignacio/proyecto/exposicion/node_modules/db-migrate
53 info build /home/ignacio/proyecto/exposicion/node_modules/db-migrate
54 info preinstall db-migrate@0.9.14
55 info linkStuff db-migrate@0.9.14
56 silly linkStuff db-migrate@0.9.14 has /home/ignacio/proyecto/exposicion/node_modules as its parent node_modules
57 verbose linkBins db-migrate@0.9.14
58 verbose link bins [ { 'db-migrate': './bin/db-migrate' },
58 verbose link bins   '/home/ignacio/proyecto/exposicion/node_modules/.bin',
58 verbose link bins   false ]
59 verbose linkMans db-migrate@0.9.14
60 verbose rebuildBundles db-migrate@0.9.14
61 verbose rebuildBundles [ '.bin',
61 verbose rebuildBundles   'async',
61 verbose rebuildBundles   'dotenv',
61 verbose rebuildBundles   'final-fs',
61 verbose rebuildBundles   'mkdirp',
61 verbose rebuildBundles   'moment',
61 verbose rebuildBundles   'mongodb',
61 verbose rebuildBundles   'mysql',
61 verbose rebuildBundles   'optimist',
61 verbose rebuildBundles   'parse-database-url',
61 verbose rebuildBundles   'pg',
61 verbose rebuildBundles   'pkginfo',
61 verbose rebuildBundles   'semver',
61 verbose rebuildBundles   'sqlite3' ]
62 silly gentlyRm /home/ignacio/proyecto/exposicion/node_modules/.bin/db-migrate is being purged
63 verbose gentlyRm don't care about contents; nuking /home/ignacio/proyecto/exposicion/node_modules/.bin/db-migrate
64 silly vacuum-fs purging /home/ignacio/proyecto/exposicion/node_modules/.bin/db-migrate
65 verbose stack Error: EACCES, unlink '/home/ignacio/proyecto/exposicion/node_modules/.bin/db-migrate'
65 verbose stack     at Error (native)
66 verbose cwd /home/ignacio/proyecto/exposicion
67 error Linux 3.13.0-53-generic
68 error argv "/home/ignacio/.nvm/versions/v0.12.3/bin/node" "/home/ignacio/.nvm/versions/v0.12.3/bin/npm" "install"
69 error node v0.12.3
70 error npm  v2.9.1
71 error path /home/ignacio/proyecto/exposicion/node_modules/.bin/db-migrate
72 error code EACCES
73 error errno -13
74 error Error: EACCES, unlink '/home/ignacio/proyecto/exposicion/node_modules/.bin/db-migrate'
74 error     at Error (native)
74 error  { [Error: EACCES, unlink '/home/ignacio/proyecto/exposicion/node_modules/.bin/db-migrate']
74 error   errno: -13,
74 error   code: 'EACCES',
74 error   path: '/home/ignacio/proyecto/exposicion/node_modules/.bin/db-migrate' }
75 error Please try running this command again as root/Administrator.
76 verbose exit [ -13, true ]
